# JRE version: Java(TM) SE Runtime Environment (7.0_67-b01) (build 1.7.0_67-b01)
# Java VM: Java HotSpot(TM) 64-Bit Server VM (24.65-b04 mixed mode windows-amd64 compressed oops)
Heap
 PSYoungGen      total 70656K, used 9984K [0x00000007d6000000, 0x00000007daa00000, 0x0000000800000000)
  eden space 65536K, 7% used [0x00000007d6000000,0x00000007d64c7300,0x00000007da000000)
  from space 5120K, 99% used [0x00000007da500000,0x00000007da9f8e08,0x00000007daa00000)
  to   space 5120K, 0% used [0x00000007da000000,0x00000007da000000,0x00000007da500000)
 ParOldGen       total 86016K, used 4195K [0x0000000782000000, 0x0000000787400000, 0x00000007d6000000)
  object space 86016K, 4% used [0x0000000782000000,0x0000000782418c40,0x0000000787400000)
 PSPermGen       total 21504K, used 12335K [0x000000077ce00000, 0x000000077e300000, 0x0000000782000000)
  object space 21504K, 57% used [0x000000077ce00000,0x000000077da0bef8,0x000000077e300000)
GC Heap History (4 events):
Event: 1.444 GC heap before
{Heap before GC invocations=1 (full 0):
 PSYoungGen      total 37888K, used 32768K [0x00000007d6000000, 0x00000007d8a00000, 0x0000000800000000)
  eden space 32768K, 100% used [0x00000007d6000000,0x00000007d8000000,0x00000007d8000000)
  from space 5120K, 0% used [0x00000007d8500000,0x00000007d8500000,0x00000007d8a00000)
  to   space 5120K, 0% used [0x00000007d8000000,0x00000007d8000000,0x00000007d8500000)
 ParOldGen       total 86016K, used 0K [0x0000000782000000, 0x0000000787400000, 0x00000007d6000000)
  object space 86016K, 0% used [0x0000000782000000,0x0000000782000000,0x0000000787400000)
 PSPermGen       total 21504K, used 11868K [0x000000077ce00000, 0x000000077e300000, 0x0000000782000000)
  object space 21504K, 55% used [0x000000077ce00000,0x000000077d9970c8,0x000000077e300000)
Event: 1.461 GC heap after
Heap after GC invocations=1 (full 0):
 PSYoungGen      total 37888K, used 5099K [0x00000007d6000000, 0x00000007daa00000, 0x0000000800000000)
  eden space 32768K, 0% used [0x00000007d6000000,0x00000007d6000000,0x00000007d8000000)
  from space 5120K, 99% used [0x00000007d8000000,0x00000007d84fac48,0x00000007d8500000)
  to   space 5120K, 0% used [0x00000007da500000,0x00000007da500000,0x00000007daa00000)
 ParOldGen       total 86016K, used 1480K [0x0000000782000000, 0x0000000787400000, 0x00000007d6000000)
  object space 86016K, 1% used [0x0000000782000000,0x0000000782172050,0x0000000787400000)
 PSPermGen       total 21504K, used 11868K [0x000000077ce00000, 0x000000077e300000, 0x0000000782000000)
  object space 21504K, 55% used [0x000000077ce00000,0x000000077d9970c8,0x000000077e300000)
}
Event: 2.016 GC heap before
{Heap before GC invocations=2 (full 0):
 PSYoungGen      total 37888K, used 37867K [0x00000007d6000000, 0x00000007daa00000, 0x0000000800000000)
  eden space 32768K, 100% used [0x00000007d6000000,0x00000007d8000000,0x00000007d8000000)
  from space 5120K, 99% used [0x00000007d8000000,0x00000007d84fac48,0x00000007d8500000)
  to   space 5120K, 0% used [0x00000007da500000,0x00000007da500000,0x00000007daa00000)
 ParOldGen       total 86016K, used 1480K [0x0000000782000000, 0x0000000787400000, 0x00000007d6000000)
  object space 86016K, 1% used [0x0000000782000000,0x0000000782172050,0x0000000787400000)
 PSPermGen       total 21504K, used 11894K [0x000000077ce00000, 0x000000077e300000, 0x0000000782000000)
  object space 21504K, 55% used [0x000000077ce00000,0x000000077d99d838,0x000000077e300000)
Event: 2.023 GC heap after
Heap after GC invocations=2 (full 0):
 PSYoungGen      total 70656K, used 5091K [0x00000007d6000000, 0x00000007daa00000, 0x0000000800000000)
  eden space 65536K, 0% used [0x00000007d6000000,0x00000007d6000000,0x00000007da000000)
  from space 5120K, 99% used [0x00000007da500000,0x00000007da9f8e08,0x00000007daa00000)
  to   space 5120K, 0% used [0x00000007da000000,0x00000007da000000,0x00000007da500000)
 ParOldGen       total 86016K, used 4195K [0x0000000782000000, 0x0000000787400000, 0x00000007d6000000)
  object space 86016K, 4% used [0x0000000782000000,0x0000000782418c40,0x0000000787400000)
 PSPermGen       total 21504K, used 11894K [0x000000077ce00000, 0x000000077e300000, 0x0000000782000000)
  object space 21504K, 55% used [0x000000077ce00000,0x000000077d99d838,0x000000077e300000)
}

