# JRE version: Java(TM) SE Runtime Environment (7.0_67-b01) (build 1.7.0_67-b01)
# Java VM: Java HotSpot(TM) 64-Bit Server VM (24.65-b04 mixed mode windows-amd64 compressed oops)
Heap
 PSYoungGen      total 37888K, used 9370K [0x00000007d6000000, 0x00000007daa00000, 0x0000000800000000)
  eden space 32768K, 12% used [0x00000007d6000000,0x00000007d6427c20,0x00000007d8000000)
  from space 5120K, 99% used [0x00000007d8500000,0x00000007d89fec28,0x00000007d8a00000)
  to   space 5120K, 0% used [0x00000007d8000000,0x00000007d8000000,0x00000007d8500000)
 ParOldGen       total 86016K, used 4789K [0x0000000782000000, 0x0000000787400000, 0x00000007d6000000)
  object space 86016K, 5% used [0x0000000782000000,0x00000007824ad5c8,0x0000000787400000)
 PSPermGen       total 21504K, used 12335K [0x000000077ce00000, 0x000000077e300000, 0x0000000782000000)
  object space 21504K, 57% used [0x000000077ce00000,0x000000077da0be48,0x000000077e300000)
GC Heap History (4 events):
Event: 1.458 GC heap before
{Heap before GC invocations=1 (full 0):
 PSYoungGen      total 37888K, used 32768K [0x00000007d6000000, 0x00000007d8a00000, 0x0000000800000000)
  eden space 32768K, 100% used [0x00000007d6000000,0x00000007d8000000,0x00000007d8000000)
  from space 5120K, 0% used [0x00000007d8500000,0x00000007d8500000,0x00000007d8a00000)
  to   space 5120K, 0% used [0x00000007d8000000,0x00000007d8000000,0x00000007d8500000)
 ParOldGen       total 86016K, used 0K [0x0000000782000000, 0x0000000787400000, 0x00000007d6000000)
  object space 86016K, 0% used [0x0000000782000000,0x0000000782000000,0x0000000787400000)
 PSPermGen       total 21504K, used 11868K [0x000000077ce00000, 0x000000077e300000, 0x0000000782000000)
  object space 21504K, 55% used [0x000000077ce00000,0x000000077d997000,0x000000077e300000)
Event: 1.469 GC heap after
Heap after GC invocations=1 (full 0):
 PSYoungGen      total 37888K, used 5099K [0x00000007d6000000, 0x00000007d8a00000, 0x0000000800000000)
  eden space 32768K, 0% used [0x00000007d6000000,0x00000007d6000000,0x00000007d8000000)
  from space 5120K, 99% used [0x00000007d8000000,0x00000007d84fac48,0x00000007d8500000)
  to   space 5120K, 0% used [0x00000007d8500000,0x00000007d8500000,0x00000007d8a00000)
 ParOldGen       total 86016K, used 1246K [0x0000000782000000, 0x0000000787400000, 0x00000007d6000000)
  object space 86016K, 1% used [0x0000000782000000,0x00000007821379b8,0x0000000787400000)
 PSPermGen       total 21504K, used 11868K [0x000000077ce00000, 0x000000077e300000, 0x0000000782000000)
  object space 21504K, 55% used [0x000000077ce00000,0x000000077d997000,0x000000077e300000)
}
Event: 2.021 GC heap before
{Heap before GC invocations=2 (full 0):
 PSYoungGen      total 37888K, used 37867K [0x00000007d6000000, 0x00000007d8a00000, 0x0000000800000000)
  eden space 32768K, 100% used [0x00000007d6000000,0x00000007d8000000,0x00000007d8000000)
  from space 5120K, 99% used [0x00000007d8000000,0x00000007d84fac48,0x00000007d8500000)
  to   space 5120K, 0% used [0x00000007d8500000,0x00000007d8500000,0x00000007d8a00000)
 ParOldGen       total 86016K, used 1246K [0x0000000782000000, 0x0000000787400000, 0x00000007d6000000)
  object space 86016K, 1% used [0x0000000782000000,0x00000007821379b8,0x0000000787400000)
 PSPermGen       total 21504K, used 11893K [0x000000077ce00000, 0x000000077e300000, 0x0000000782000000)
  object space 21504K, 55% used [0x000000077ce00000,0x000000077d99d698,0x000000077e300000)
Event: 2.029 GC heap after
Heap after GC invocations=2 (full 0):
 PSYoungGen      total 37888K, used 5115K [0x00000007d6000000, 0x00000007daa00000, 0x0000000800000000)
  eden space 32768K, 0% used [0x00000007d6000000,0x00000007d6000000,0x00000007d8000000)
  from space 5120K, 99% used [0x00000007d8500000,0x00000007d89fec28,0x00000007d8a00000)
  to   space 5120K, 0% used [0x00000007d8000000,0x00000007d8000000,0x00000007d8500000)
 ParOldGen       total 86016K, used 4789K [0x0000000782000000, 0x0000000787400000, 0x00000007d6000000)
  object space 86016K, 5% used [0x0000000782000000,0x00000007824ad5c8,0x0000000787400000)
 PSPermGen       total 21504K, used 11893K [0x000000077ce00000, 0x000000077e300000, 0x0000000782000000)
  object space 21504K, 55% used [0x000000077ce00000,0x000000077d99d698,0x000000077e300000)
}

